Case #1: Anil Aravind Jan Jan Victor Viswanath
Case #2: Andrei Wesley
Case #3: Atol Clifton Clifton Doan John John Purav Song
Case #4: Andras Anh Doan Lingjuan Meihong Saransh Torbjorn Vladislav Vladislav Yingsheng
Case #5: Doan John
Case #6: Anh Luiz Ranjeeth Roman Steaphan Weitao Weitao Zihing
Case #7: Bhuwan Duc Fabien Meihong Vlad Wai
Case #8: Anil Lin Phil Ranjeeth Song Torbjorn
Case #9: Lingjuan Zejia
Case #10: Andrei Doan Ekansh Erling Fabien Zef
Case #11: Aleksandar Aravind Bhuwan Igor
Case #12: Fabien Kittipat Liang Paul
Case #13: Purav Slawek Wai Weiyan
Case #14: Philip Tom Wesley Zhen
Case #15: Chirag Viswanath
Case #16: Anil Doan Duc Fabien Manohar Paul Rajat Yintao
Case #17: Ahmed Anshuman Jan Ranjeeth
Case #18: Aravind Mehdi Weiyan Xiao
Case #19: Anil Igor Purav Sanjeet
Case #20: Atol Bhuwan Bhuwan Lin Nima Vladislav Voja Voja Yingsheng Zainab
