Case #1: EGGOQQGGOGOQOGOZQOZZQQZOZGG
Case #2: FACEBOOK
Case #3: ANDHOPESYOUHAVEFUN
Case #4: SJSUCSCLUB
Case #5: GAFYTYAXPXUYYPGIV
Case #6: ACACCCBBCCCBBACBCAACCABCBCBABABCCABACBBA
Case #7: BAYBYGYLGAGLFAGBHHF
Case #8: HOBHIMLGGQINCCG
Case #9: NIJFJKNNTTTPTKIIIJPI
Case #10: DALVES
Case #11: ELCCWRKSFUNYKP
Case #12: AFIEMVDZVDDWIRIR
Case #13: LDUNDNQXVNKNCQV
Case #14: MOMXMPMOPOXMOXXPPXXOXXPMPMOPPOMX
Case #15: HGNAXYLOBNYFHW
Case #16: UPNRNFRPDAVDWLNWN
Case #17: ZZZZZZZZZZZZZZZZZZZZZZZZZZZZZZZZZZZZZZZZZZZZZZZZZZ
Case #18: RKXRHRAAXXHAWOWWPAKHR
Case #19: UQRRQIVIOLKFCFF
Case #20: CANPETRWINAGAIN
