cargado>
0 1 1
1 0 0
0 1 0
for k = 0, j = 0, i = 0


0 1 1
1 0 0
0 1 0
for k = 0, j = 0, i = 1


0 1 1
1 0 0
0 1 0
for k = 0, j = 0, i = 2


0 1 1
1 0 0
0 1 0
for k = 0, j = 1, i = 0


0 -1 1
-1 -1 0
0 1 0
for k = 0, j = 1, i = 1


0 -1 1
-1 -1 0
0 1 0
for k = 0, j = 1, i = 2


0 -1 1
-1 -1 0
0 1 0
for k = 0, j = 2, i = 0


blu
-1 -1 -1
-1 -1 -1
0 1 0
for k = 0, j = 2, i = 1


-1 -1 -1
-1 -1 -1
0 1 0
for k = 0, j = 2, i = 2


-1 -1 -1
-1 -1 -1
0 1 0
for k = 1, j = 0, i = 0


-1 -1 -1
-1 -1 -1
0 1 0
for k = 1, j = 0, i = 1


blu
-1 -1 -1
-1 -1 -1
-1 -1 0
for k = 1, j = 0, i = 2


-1 -1 -1
-1 -1 -1
-1 -1 0
for k = 1, j = 1, i = 0


-1 -1 -1
-1 -1 -1
-1 -1 0
for k = 1, j = 1, i = 1


-1 -1 -1
-1 -1 -1
-1 -1 0
for k = 1, j = 1, i = 2


-1 -1 -1
-1 -1 -1
-1 -1 0
for k = 1, j = 2, i = 0


-1 -1 -1
-1 -1 -1
-1 -1 0
for k = 1, j = 2, i = 1


-1 -1 -1
-1 -1 -1
-1 -1 0
for k = 1, j = 2, i = 2


-1 -1 -1
-1 -1 -1
-1 -1 0
for k = 2, j = 0, i = 0


-1 -1 -1
-1 -1 -1
-1 -1 0
for k = 2, j = 0, i = 1


-1 -1 -1
-1 -1 -1
-1 -1 0
for k = 2, j = 0, i = 2


blu
-1 -1 -1
-1 -1 -1
-1 -1 -1
for k = 2, j = 1, i = 0


-1 -1 -1
-1 -1 -1
-1 -1 -1
for k = 2, j = 1, i = 1


-1 -1 -1
-1 -1 -1
-1 -1 -1
for k = 2, j = 1, i = 2


-1 -1 -1
-1 -1 -1
-1 -1 -1
for k = 2, j = 2, i = 0


-1 -1 -1
-1 -1 -1
-1 -1 -1
for k = 2, j = 2, i = 1


-1 -1 -1
-1 -1 -1
-1 -1 -1
for k = 2, j = 2, i = 2


ok Floyd
-1 -1 -1
-1 -1 -1
-1 -1 -1
